Build started 02-10-2014 13:27:44.
Project "C:\Users\luis\Documents\Visual Studio 2010\Projects\mesh_dg\mesh.vcxproj" on node 2 (build target(s)).
InitializeBuildStatus:
  Creating "Release\mesh.unsuccessfulbuild" because "AlwaysCreate" was specified.
ClCompile:
  C:\Program Files (x86)\Microsoft Visual Studio 10.0\VC\bin\CL.exe /c /I..\..\..\inc /I"..\..\..\inc-Win32" /I"..\..\..\..\inc-Win32" /I"..\..\..\..\..\inc-Win32" /AI"..\..\..\inc-Win32" /AI"..\..\..\..\inc-Win32" /AI"..\..\..\..\..\inc-Win32" /AI..\..\..\inc /AI..\..\..\..\inc /AI..\..\..\..\..\inc /Zi /nologo /W3 /WX /O2 /Ob1 /Oi /Ot /Oy /GT /GL /D RADPACK /D _NDEBUG=1 /D NDEBUG=1 /D _WIN32_IE=0x0600 /D WIN /D WIN32 /D _CRT_SECURE_CPP_OVERLOAD_STANDARD_NAMES=1 /D _CRT_SECURE_CPP_OVERLOAD_STANDARD_NAMES_COUNT=1 /D _AFXDLL /D _UNICODE /D UNICODE /D _WINDLL /GF /Gm- /EHsc /MD /GS /Gy /fp:precise /Zc:wchar_t /Zc:forScope /GR /Fo"Release\\" /Fd"Release\vc100.pdb" /Gd /TP /analyze- /errorReport:prompt mesh.cpp
  mesh.cpp
Link:
  C:\Program Files (x86)\Microsoft Visual Studio 10.0\VC\bin\link.exe /ERRORREPORT:PROMPT /OUT:"C:\Users\luis\Documents\Visual Studio 2010\Projects\mesh_dg\Release\mesh.arx" /INCREMENTAL:NO /NOLOGO /LIBPATH:..\..\..\lib /LIBPATH:"..\..\..\lib-Win32" /LIBPATH:"..\..\..\..\lib-Win32" /LIBPATH:"..\..\..\..\..\lib-Win32" accore.lib acad.lib acui19.lib adui19.lib ac1st19.lib acdb19.lib acge19.lib acgiapi.lib acISMobj19.lib rxapi.lib kernel32.lib user32.lib gdi32.lib winspool.lib comdlg32.lib advapi32.lib shell32.lib ole32.lib oleaut32.lib uuid.lib odbc32.lib odbccp32.lib /DEF:"..\..\..\inc\AcRxDefault.def" /MANIFEST /ManifestFile:"Release\mesh.arx.intermediate.manifest" /MANIFESTUAC:"level='asInvoker' uiAccess='false'" /DEBUG /PDB:"C:\Users\luis\Documents\Visual Studio 2010\Projects\mesh_dg\Release\mesh.pdb" /SUBSYSTEM:WINDOWS /OPT:REF /OPT:ICF /LTCG /TLBID:1 /DYNAMICBASE /NXCOMPAT /IMPLIB:"Release\mesh.lib" /MACHINE:X86 /CLRTHREADATTRIBUTE:STA /CLRIMAGETYPE:IJW /CLRUNMANAGEDCODECHECK /DLL Release\mesh.obj
     Creating library Release\mesh.lib and object Release\mesh.exp
  Generating code
  Finished generating code
rxapi.lib(libinit.obj) : warning LNK4099: PDB 'rxapi_cl.pdb' was not found with 'rxapi.lib(libinit.obj)' or at 'C:\Users\luis\Documents\Visual Studio 2010\Projects\mesh_dg\Release\rxapi_cl.pdb'; linking object as if no debug info
  mesh.vcxproj -> C:\Users\luis\Documents\Visual Studio 2010\Projects\mesh_dg\Release\mesh.arx
Manifest:
  C:\Program Files (x86)\Microsoft SDKs\Windows\v7.0A\bin\mt.exe /nologo /verbose /outputresource:"C:\Users\luis\Documents\Visual Studio 2010\Projects\mesh_dg\Release\mesh.arx;#2" /manifest Release\mesh.arx.intermediate.manifest
FinalizeBuildStatus:
  Deleting file "Release\mesh.unsuccessfulbuild".
  Touching "Release\mesh.lastbuildstate".
Done Building Project "C:\Users\luis\Documents\Visual Studio 2010\Projects\mesh_dg\mesh.vcxproj" (build target(s)).

Build succeeded.

Time Elapsed 00:00:07.21
