Build started 02-10-2014 11:22:10.
Project "C:\Users\luis\Documents\Visual Studio 2010\Projects\mesh_dg\mesh.vcxproj" on node 2 (rebuild target(s)).
_PrepareForClean:
  Deleting file "Debug\mesh.lastbuildstate".
InitializeBuildStatus:
  Creating "Debug\mesh.unsuccessfulbuild" because "AlwaysCreate" was specified.
ClCompile:
  C:\Program Files (x86)\Microsoft Visual Studio 10.0\VC\bin\CL.exe /c /I..\..\..\inc /I"..\..\..\inc-Win32" /I"..\..\..\..\inc-Win32" /I"..\..\..\..\..\inc-Win32" /AI"..\..\..\inc-Win32" /AI"..\..\..\..\inc-Win32" /AI"..\..\..\..\..\inc-Win32" /AI..\..\..\inc /AI..\..\..\..\inc /AI..\..\..\..\..\inc /Zi /nologo /W3 /WX /Od /Oy- /D CODE_ANALYSIS /D RADPACK /D _WIN32_IE=0x0600 /D WIN /D WIN32 /D _CRT_SECURE_CPP_OVERLOAD_STANDARD_NAMES=1 /D _CRT_SECURE_CPP_OVERLOAD_STANDARD_NAMES_COUNT=1 /D _AFXDLL /D _UNICODE /D UNICODE /D _WINDLL /GF /Gm- /EHsc /RTCc /RTC1 /MD /GS /Gy /fp:precise /Zc:wchar_t /Zc:forScope /GR /Fo"Debug\\" /Fd"Debug\vc100.pdb" /Gd /TP /analyze /errorReport:prompt mesh.cpp
  mesh.cpp
mesh.cpp(234): error C2220: warning treated as error - no 'object' file generated
c:\users\luis\documents\visual studio 2010\projects\mesh_dg\mesh.cpp(199): warning C6011: Dereferencing NULL pointer 'pPolyEnt': Lines: 169, 170, 171, 172, 173, 175, 176, 177, 178, 180, 185, 188, 189, 195, 196, 198, 199
c:\users\luis\documents\visual studio 2010\projects\mesh_dg\mesh.cpp(359): warning C6211: Leaking memory 'pB' due to an exception. Consider using a local catch block to clean up memory: Lines: 357, 359, 360, 361, 364
c:\users\luis\documents\visual studio 2010\projects\mesh_dg\mesh.cpp(364): warning C6211: Leaking memory 'pC' due to an exception. Consider using a local catch block to clean up memory: Lines: 357, 359, 360, 361, 364, 365, 366, 369
c:\users\luis\documents\visual studio 2010\projects\mesh_dg\mesh.cpp(369): warning C6211: Leaking memory 'pD' due to an exception. Consider using a local catch block to clean up memory: Lines: 357, 359, 360, 361, 364, 365, 366, 369, 370, 371, 373
c:\users\luis\documents\visual studio 2010\projects\mesh_dg\mesh.cpp(373): warning C6211: Leaking memory 'pE' due to an exception. Consider using a local catch block to clean up memory: Lines: 357, 359, 360, 361, 364, 365, 366, 369, 370, 371, 373, 374, 375, 377
c:\users\luis\documents\visual studio 2010\projects\mesh_dg\mesh.cpp(377): warning C6211: Leaking memory 'pF' due to an exception. Consider using a local catch block to clean up memory: Lines: 357, 359, 360, 361, 364, 365, 366, 369, 370, 371, 373, 374, 375, 377, 378, 379, 381
c:\users\luis\documents\visual studio 2010\projects\mesh_dg\mesh.cpp(381): warning C6211: Leaking memory 'pG' due to an exception. Consider using a local catch block to clean up memory: Lines: 357, 359, 360, 361, 364, 365, 366, 369, 370, 371, 373, 374, 375, 377, 378, 379, 381, 382, 383, 385
c:\users\luis\documents\visual studio 2010\projects\mesh_dg\mesh.cpp(385): warning C6211: Leaking memory 'pH' due to an exception. Consider using a local catch block to clean up memory: Lines: 357, 359, 360, 361, 364, 365, 366, 369, 370, 371, 373, 374, 375, 377, 378, 379, 381, 382, 383, 385, 386, 387, 390
Done Building Project "C:\Users\luis\Documents\Visual Studio 2010\Projects\mesh_dg\mesh.vcxproj" (rebuild target(s)) -- FAILED.

Build FAILED.

Time Elapsed 00:00:06.71
